[04:44:39] [modloading-worker-0/INFO] ========================================
[04:44:39] [modloading-worker-0/INFO] Minecraft: 1.20.1
[04:44:39] [modloading-worker-0/INFO] Side: server
[04:44:39] [modloading-worker-0/INFO] Development: false
[04:44:39] [modloading-worker-0/INFO] Version: 12.1.785
[04:44:39] [modloading-worker-0/INFO] Loader:
[04:44:39] [modloading-worker-0/INFO] - Forge: 47.3.7
[04:44:39] [modloading-worker-0/INFO] Dependencies:
[04:44:39] [modloading-worker-0/INFO] - Cloth Config: 11.1.136
[04:44:39] [modloading-worker-0/INFO] - Architectury: 9.2.14
[04:44:39] [modloading-worker-0/INFO] Mixin: 0.8.5
[04:44:39] [modloading-worker-0/INFO] OS: Linux 6.5.0-1025-azure (amd64)
[04:44:39] [modloading-worker-0/INFO] Java: 17.0.14 (Ubuntu)
[04:44:39] [modloading-worker-0/INFO] ========================================
[04:44:39] [modloading-worker-0/INFO] Mods:
[04:44:39] [modloading-worker-0/INFO] - architectury: 9.2.14
[04:44:39] [modloading-worker-0/INFO] - betterdeserttemples: 1.20-Forge-3.0.3
[04:44:39] [modloading-worker-0/INFO] - betterdungeons: 1.20-Forge-4.0.4
[04:44:39] [modloading-worker-0/INFO] - betterendisland: 1.20-Forge-2.0.6
[04:44:39] [modloading-worker-0/INFO] - betterfortresses: 1.20-Forge-2.0.6
[04:44:39] [modloading-worker-0/INFO] - betterjungletemples: 1.20-Forge-2.0.5
[04:44:39] [modloading-worker-0/INFO] - bettermineshafts: 1.20-Forge-4.0.4
[04:44:39] [modloading-worker-0/INFO] - betteroceanmonuments: 1.20-Forge-3.0.4
[04:44:39] [modloading-worker-0/INFO] - betterstrongholds: 1.20-Forge-4.0.3
[04:44:39] [modloading-worker-0/INFO] - bettervillage: 3.2.0
[04:44:39] [modloading-worker-0/INFO] - betterwitchhuts: 1.20-Forge-3.0.3
[04:44:39] [modloading-worker-0/INFO] - cave_dweller: 1.6.4
[04:44:39] [modloading-worker-0/INFO] - cloth_config: 11.1.136
[04:44:39] [modloading-worker-0/INFO] - creativecore: 2.12.31
[04:44:39] [modloading-worker-0/INFO] - curios: 5.11.1+1.20.1
[04:44:39] [modloading-worker-0/INFO] - fallingtree: 4.3.4
[04:44:39] [modloading-worker-0/INFO] - forge: 47.3.7
[04:44:39] [modloading-worker-0/INFO] - geckolib: 4.7
[04:44:39] [modloading-worker-0/INFO] - hangglider: 8.0.1
[04:44:39] [modloading-worker-0/INFO] - jade: 11.11.1+forge
[04:44:39] [modloading-worker-0/INFO] - journeymap: 5.10.3
[04:44:39] [modloading-worker-0/INFO] - libraryferret: 4.0.0
[04:44:39] [modloading-worker-0/INFO] - minecraft: 1.20.1
[04:44:39] [modloading-worker-0/INFO] - musketmod: 1.4.8
[04:44:39] [modloading-worker-0/INFO] - pingwheel: 1.10.0
[04:44:39] [modloading-worker-0/INFO] - playerrevive: 2.0.29
[04:44:39] [modloading-worker-0/INFO] - puzzlesaccessapi: 8.0.7
[04:44:39] [modloading-worker-0/INFO] - puzzleslib: 8.1.25
[04:44:39] [modloading-worker-0/INFO] - roughlyenoughitems: 12.1.785
[04:44:39] [modloading-worker-0/INFO] - securitycraft: 1.9.12
[04:44:39] [modloading-worker-0/INFO] - tombstone: 8.9.2
[04:44:39] [modloading-worker-0/INFO] - travelersbackpack: 9.1.14
[04:44:39] [modloading-worker-0/INFO] - yungsapi: 1.20-Forge-4.0.6
[04:44:39] [modloading-worker-0/INFO] - yungsbridges: 1.20-Forge-4.0.3
[04:44:39] [modloading-worker-0/INFO] - yungsextras: 1.20-Forge-4.0.3
[04:44:39] [modloading-worker-0/INFO] ========================================
[04:44:39] [modloading-worker-0/INFO] [REI] Registered plugin provider ReiCompat [travelersbackpack] for REIPlugin
[04:44:39] [modloading-worker-0/INFO] [REI] Registered plugin provider DefaultPluginImpl [roughlyenoughitems] for REIServerPlugin
[04:44:39] [modloading-worker-0/INFO] [REI] Registered plugin provider DefaultPluginImpl [roughlyenoughitems] for REIPlugin
[04:44:39] [modloading-worker-0/INFO] [REI] Registered plugin provider DefaultRuntimePlugin [roughlyenoughitems] for REIServerPlugin
[04:44:39] [modloading-worker-0/INFO] [REI] Registered plugin provider DefaultRuntimePlugin [roughlyenoughitems] for REIPlugin
[04:44:39] [modloading-worker-0/INFO] [REI] Registered plugin provider ReiCompat [travelersbackpack] for REIServerPlugin
[04:44:52] [Worker-Main-1/DEBUG] [REI] Processed 0 tags in 74.21 μs for minecraft:damage_type
[04:44:53] [Worker-Main-1/DEBUG] [REI] Processed 0 tags in 109.7 μs for minecraft:worldgen/biome
[04:44:53] [Worker-Main-1/DEBUG] [REI] Processed 2 tags in 1.493 ms for minecraft:cat_variant
[04:44:53] [Worker-Main-1/DEBUG] [REI] Processed 3 tags in 152.0 μs for minecraft:point_of_interest_type
[04:44:53] [Worker-Main-1/DEBUG] [REI] Processed 0 tags in 6.502 μs for minecraft:worldgen/structure_set
[04:44:53] [Worker-Main-1/DEBUG] [REI] Processed 1 tags in 68.48 μs for minecraft:painting_variant
[04:44:53] [Worker-Main-1/DEBUG] [REI] Processed 5 tags in 411.1 μs for minecraft:game_event
[04:44:53] [Worker-Main-1/DEBUG] [REI] Processed 0 tags in 28.35 μs for minecraft:worldgen/world_preset
[04:44:53] [Worker-Main-1/DEBUG] [REI] Processed 7 tags in 115.6 μs for minecraft:banner_pattern
[04:44:53] [Worker-Main-1/DEBUG] [REI] Processed 0 tags in 42.31 μs for minecraft:worldgen/structure
[04:44:53] [Worker-Main-1/DEBUG] [REI] Processed 3 tags in 54.74 μs for minecraft:fluid
[04:44:53] [Worker-Main-1/DEBUG] [REI] Processed 18 tags in 698.0 μs for minecraft:entity_type
[04:44:53] [Worker-Main-1/DEBUG] [REI] Processed 0 tags in 10.81 μs for minecraft:worldgen/flat_level_generator_preset
[04:44:53] [Worker-Main-1/DEBUG] [REI] Processed 353 tags in 4.961 ms for minecraft:item
[04:44:53] [Worker-Main-1/DEBUG] [REI] Processed 3 tags in 26.19 μs for minecraft:instrument
[04:44:53] [Worker-Main-1/DEBUG] [REI] Processed 327 tags in 3.644 ms for minecraft:block
[04:44:55] [main/DEBUG] [REI] Starting Reload Plugins of stage null
java.lang.Throwable
	at TRANSFORMER/roughlyenoughitems@12.1.785/me.shedaniel.rei.impl.common.plugins.ReloadManagerImpl.reloadPlugins(ReloadManagerImpl.java:110)
	at TRANSFORMER/roughlyenoughitems@12.1.785/me.shedaniel.rei.RoughlyEnoughItemsCore.lambda$onInitialize$5(RoughlyEnoughItemsCore.java:163)
	at java.base/java.util.concurrent.CompletableFuture$UniRun.tryFire(CompletableFuture.java:787)
	at java.base/java.util.concurrent.CompletableFuture$Completion.run(CompletableFuture.java:482)
	at TRANSFORMER/minecraft@1.20.1/net.minecraft.server.packs.resources.SimpleReloadInstance.m_143940_(SimpleReloadInstance.java:69)
	at TRANSFORMER/minecraft@1.20.1/net.minecraft.Util.m_214652_(Util.java:783)
	at TRANSFORMER/minecraft@1.20.1/net.minecraft.Util.m_214679_(Util.java:772)
	at TRANSFORMER/minecraft@1.20.1/net.minecraft.server.Main.main(Main.java:166)
	at java.base/jdk.internal.reflect.NativeMethodAccessorImpl.invoke0(Native Method)
	at java.base/jdk.internal.reflect.NativeMethodAccessorImpl.invoke(NativeMethodAccessorImpl.java:77)
	at java.base/jdk.internal.reflect.DelegatingMethodAccessorImpl.invoke(DelegatingMethodAccessorImpl.java:43)
	at java.base/java.lang.reflect.Method.invoke(Method.java:569)
	at MC-BOOTSTRAP/fmlloader@1.20.1-47.3.7/net.minecraftforge.fml.loading.targets.CommonLaunchHandler.runTarget(CommonLaunchHandler.java:111)
	at MC-BOOTSTRAP/fmlloader@1.20.1-47.3.7/net.minecraftforge.fml.loading.targets.CommonLaunchHandler.serverService(CommonLaunchHandler.java:103)
	at MC-BOOTSTRAP/fmlloader@1.20.1-47.3.7/net.minecraftforge.fml.loading.targets.CommonServerLaunchHandler.lambda$makeService$0(CommonServerLaunchHandler.java:27)
	at MC-BOOTSTRAP/cpw.mods.modlauncher@10.0.9/cpw.mods.modlauncher.LaunchServiceHandlerDecorator.launch(LaunchServiceHandlerDecorator.java:30)
	at MC-BOOTSTRAP/cpw.mods.modlauncher@10.0.9/cpw.mods.modlauncher.LaunchServiceHandler.launch(LaunchServiceHandler.java:53)
	at MC-BOOTSTRAP/cpw.mods.modlauncher@10.0.9/cpw.mods.modlauncher.LaunchServiceHandler.launch(LaunchServiceHandler.java:71)
	at MC-BOOTSTRAP/cpw.mods.modlauncher@10.0.9/cpw.mods.modlauncher.Launcher.run(Launcher.java:108)
	at MC-BOOTSTRAP/cpw.mods.modlauncher@10.0.9/cpw.mods.modlauncher.Launcher.main(Launcher.java:78)
	at MC-BOOTSTRAP/cpw.mods.modlauncher@10.0.9/cpw.mods.modlauncher.BootstrapLaunchConsumer.accept(BootstrapLaunchConsumer.java:26)
	at MC-BOOTSTRAP/cpw.mods.modlauncher@10.0.9/cpw.mods.modlauncher.BootstrapLaunchConsumer.accept(BootstrapLaunchConsumer.java:23)
	at cpw.mods.bootstraplauncher@1.1.2/cpw.mods.bootstraplauncher.BootstrapLauncher.main(BootstrapLauncher.java:141)
[04:44:55] [main/DEBUG] [REI] ========================================
[04:44:55] [main/DEBUG] [REI] REIPlugin starting pre-reload for START.
[04:44:55] [main/DEBUG] [REI] Reloadables (7):
[04:44:55] [main/DEBUG] [REI]  - EntryTypeRegistryImpl
[04:44:55] [main/DEBUG] [REI]  - EntrySettingsAdapterRegistryImpl
[04:44:55] [main/DEBUG] [REI]  - RecipeManagerContextImpl
[04:44:55] [main/DEBUG] [REI]  - ItemComparatorRegistryImpl
[04:44:55] [main/DEBUG] [REI]  - FluidComparatorRegistryImpl
[04:44:55] [main/DEBUG] [REI]  - DisplaySerializerRegistryImpl
[04:44:55] [main/DEBUG] [REI]  - FluidSupportProviderImpl
[04:44:55] [main/DEBUG] [REI] Plugins (3):
[04:44:55] [main/DEBUG] [REI]  - (-100.00) DefaultPluginImpl of DefaultPluginImpl [roughlyenoughitems]
[04:44:55] [main/DEBUG] [REI]  - (0.00) DefaultRuntimePlugin of DefaultRuntimePlugin [roughlyenoughitems]
[04:44:55] [main/DEBUG] [REI]  - (0.00) ReiCompat of ReiCompat [travelersbackpack]
[04:44:55] [main/DEBUG] [REI] ========================================
[04:44:55] [main/TRACE] [REI] [REIPlugin START] Reloading Section: "pre-register/"
[04:44:55] [main/TRACE] [REI] [REIPlugin START] Reloading Section: "pre-register/DefaultPluginImpl of DefaultPluginImpl [roughlyenoughitems]/"
[04:44:55] [main/TRACE] [REI] [REIPlugin START] Reloading Section: "pre-register/DefaultPluginImpl of DefaultPluginImpl [roughlyenoughitems]/" done in 1.323 ms
[04:44:55] [main/TRACE] [REI] [REIPlugin START] Reloading Section: "pre-register/DefaultRuntimePlugin of DefaultRuntimePlugin [roughlyenoughitems]/"
[04:44:55] [main/TRACE] [REI] [REIPlugin START] Reloading Section: "pre-register/DefaultRuntimePlugin of DefaultRuntimePlugin [roughlyenoughitems]/" done in 223.1 μs
[04:44:55] [main/TRACE] [REI] [REIPlugin START] Reloading Section: "pre-register/ReiCompat of ReiCompat [travelersbackpack]/"
[04:44:55] [main/TRACE] [REI] [REIPlugin START] Reloading Section: "pre-register/ReiCompat of ReiCompat [travelersbackpack]/" done in 154.2 μs
[04:44:55] [main/TRACE] [REI] [REIPlugin START] Reloading Section: "pre-register/" done in 16.25 ms
[04:44:55] [main/TRACE] [REI] [REIPlugin START] Reloading Section: "pre-stage/"
[04:44:55] [main/TRACE] [REI] [REIPlugin START] Reloading Section: "pre-stage/EntryTypeRegistryImpl/"
[04:44:55] [main/TRACE] [REI] [REIPlugin START] Reloading Section: "pre-stage/EntryTypeRegistryImpl/" done in 442.5 μs
[04:44:55] [main/TRACE] [REI] [REIPlugin START] Reloading Section: "pre-stage/EntrySettingsAdapterRegistryImpl/"
[04:44:55] [main/TRACE] [REI] [REIPlugin START] Reloading Section: "pre-stage/EntrySettingsAdapterRegistryImpl/" done in 145.0 μs
[04:44:55] [main/TRACE] [REI] [REIPlugin START] Reloading Section: "pre-stage/RecipeManagerContextImpl/"
[04:44:55] [main/TRACE] [REI] [REIPlugin START] Reloading Section: "pre-stage/RecipeManagerContextImpl/" done in 142.9 μs
[04:44:55] [main/TRACE] [REI] [REIPlugin START] Reloading Section: "pre-stage/ItemComparatorRegistryImpl/"
[04:44:55] [main/TRACE] [REI] [REIPlugin START] Reloading Section: "pre-stage/ItemComparatorRegistryImpl/" done in 136.6 μs
[04:44:55] [main/TRACE] [REI] [REIPlugin START] Reloading Section: "pre-stage/FluidComparatorRegistryImpl/"
[04:44:55] [main/TRACE] [REI] [REIPlugin START] Reloading Section: "pre-stage/FluidComparatorRegistryImpl/" done in 132.2 μs
[04:44:55] [main/TRACE] [REI] [REIPlugin START] Reloading Section: "pre-stage/DisplaySerializerRegistryImpl/"
[04:44:55] [main/TRACE] [REI] [REIPlugin START] Reloading Section: "pre-stage/DisplaySerializerRegistryImpl/" done in 132.7 μs
[04:44:55] [main/TRACE] [REI] [REIPlugin START] Reloading Section: "pre-stage/FluidSupportProviderImpl/"
[04:44:55] [main/TRACE] [REI] [REIPlugin START] Reloading Section: "pre-stage/FluidSupportProviderImpl/" done in 135.8 μs
[04:44:55] [main/TRACE] [REI] [REIPlugin START] Reloading Section: "pre-stage/" done in 4.040 ms
[04:44:55] [main/DEBUG] [REI] ========================================
[04:44:55] [main/DEBUG] [REI] REIPlugin finished pre-reload for START in 23.17 ms.
[04:44:55] [main/DEBUG] [REI] ========================================
[04:44:55] [main/DEBUG] [REI] ========================================
[04:44:55] [main/DEBUG] [REI] REIServerPlugin starting pre-reload for START.
[04:44:55] [main/DEBUG] [REI] Reloadables (2):
[04:44:55] [main/DEBUG] [REI]  - MenuInfoRegistryImpl
[04:44:55] [main/DEBUG] [REI]  - SlotAccessorRegistryImpl
[04:44:55] [main/DEBUG] [REI] Plugins (3):
[04:44:55] [main/DEBUG] [REI]  - (-100.00) DefaultPluginImpl of DefaultPluginImpl [roughlyenoughitems]
[04:44:55] [main/DEBUG] [REI]  - (0.00) ReiCompat of ReiCompat [travelersbackpack]
[04:44:55] [main/DEBUG] [REI]  - (0.00) DefaultRuntimePlugin of DefaultRuntimePlugin [roughlyenoughitems]
[04:44:55] [main/DEBUG] [REI] ========================================
[04:44:55] [main/TRACE] [REI] [REIServerPlugin START] Reloading Section: "pre-register/"
[04:44:55] [main/TRACE] [REI] [REIServerPlugin START] Reloading Section: "pre-register/DefaultPluginImpl of DefaultPluginImpl [roughlyenoughitems]/"
[04:44:55] [main/TRACE] [REI] [REIServerPlugin START] Reloading Section: "pre-register/DefaultPluginImpl of DefaultPluginImpl [roughlyenoughitems]/" done in 162.3 μs
[04:44:55] [main/TRACE] [REI] [REIServerPlugin START] Reloading Section: "pre-register/ReiCompat of ReiCompat [travelersbackpack]/"
[04:44:55] [main/TRACE] [REI] [REIServerPlugin START] Reloading Section: "pre-register/ReiCompat of ReiCompat [travelersbackpack]/" done in 137.5 μs
[04:44:55] [main/TRACE] [REI] [REIServerPlugin START] Reloading Section: "pre-register/DefaultRuntimePlugin of DefaultRuntimePlugin [roughlyenoughitems]/"
[04:44:55] [main/TRACE] [REI] [REIServerPlugin START] Reloading Section: "pre-register/DefaultRuntimePlugin of DefaultRuntimePlugin [roughlyenoughitems]/" done in 135.5 μs
[04:44:55] [main/TRACE] [REI] [REIServerPlugin START] Reloading Section: "pre-register/" done in 3.185 ms
[04:44:55] [main/TRACE] [REI] [REIServerPlugin START] Reloading Section: "pre-stage/"
[04:44:55] [main/TRACE] [REI] [REIServerPlugin START] Reloading Section: "pre-stage/MenuInfoRegistryImpl/"
[04:44:55] [main/TRACE] [REI] [REIServerPlugin START] Reloading Section: "pre-stage/MenuInfoRegistryImpl/" done in 136.8 μs
[04:44:55] [main/TRACE] [REI] [REIServerPlugin START] Reloading Section: "pre-stage/SlotAccessorRegistryImpl/"
[04:44:55] [main/TRACE] [REI] [REIServerPlugin START] Reloading Section: "pre-stage/SlotAccessorRegistryImpl/" done in 134.5 μs
[04:44:55] [main/TRACE] [REI] [REIServerPlugin START] Reloading Section: "pre-stage/" done in 1.045 ms
[04:44:55] [main/DEBUG] [REI] ========================================
[04:44:55] [main/DEBUG] [REI] REIServerPlugin finished pre-reload for START in 5.255 ms.
[04:44:55] [main/DEBUG] [REI] ========================================
[04:44:55] [main/INFO] [REI] OOOOOOOOOOOOOOOOOOOOOOOOOOOOOOOOOOOOOOOO
[04:44:55] [main/INFO] [REI] REIPlugin starting main-reload for START.
[04:44:55] [main/DEBUG] [REI] Reloadables (7):
[04:44:55] [main/DEBUG] [REI]  - EntryTypeRegistryImpl
[04:44:55] [main/DEBUG] [REI]  - EntrySettingsAdapterRegistryImpl
[04:44:55] [main/DEBUG] [REI]  - RecipeManagerContextImpl
[04:44:55] [main/DEBUG] [REI]  - ItemComparatorRegistryImpl
[04:44:55] [main/DEBUG] [REI]  - FluidComparatorRegistryImpl
[04:44:55] [main/DEBUG] [REI]  - DisplaySerializerRegistryImpl
[04:44:55] [main/DEBUG] [REI]  - FluidSupportProviderImpl
[04:44:55] [main/INFO] [REI] Plugins (3):
[04:44:55] [main/INFO] [REI]  - (-100.00) DefaultPluginImpl of DefaultPluginImpl [roughlyenoughitems]
[04:44:55] [main/INFO] [REI]  - (0.00) DefaultRuntimePlugin of DefaultRuntimePlugin [roughlyenoughitems]
[04:44:55] [main/INFO] [REI]  - (0.00) ReiCompat of ReiCompat [travelersbackpack]
[04:44:55] [main/INFO] [REI] OOOOOOOOOOOOOOOOOOOOOOOOOOOOOOOOOOOOOOOO
[04:44:55] [main/TRACE] [REI] [REIPlugin START] Reloading Section: "start-reload/"
[04:44:55] [main/TRACE] [REI] [REIPlugin START] Reloading Section: "start-reload/EntryTypeRegistryImpl/"
[04:44:55] [main/TRACE] [REI] [REIPlugin START] Reloading Section: "start-reload/EntryTypeRegistryImpl/" done in 251.7 μs
[04:44:55] [main/TRACE] [REI] [REIPlugin START] Reloading Section: "start-reload/EntrySettingsAdapterRegistryImpl/"
[04:44:55] [main/TRACE] [REI] [REIPlugin START] Reloading Section: "start-reload/EntrySettingsAdapterRegistryImpl/" done in 211.7 μs
[04:44:55] [main/TRACE] [REI] [REIPlugin START] Reloading Section: "start-reload/RecipeManagerContextImpl/"
[04:44:55] [main/TRACE] [REI] [REIPlugin START] Reloading Section: "start-reload/RecipeManagerContextImpl/" done in 171.1 μs
[04:44:55] [main/TRACE] [REI] [REIPlugin START] Reloading Section: "start-reload/ItemComparatorRegistryImpl/"
[04:44:55] [main/TRACE] [REI] [REIPlugin START] Reloading Section: "start-reload/ItemComparatorRegistryImpl/" done in 227.3 μs
[04:44:55] [main/TRACE] [REI] [REIPlugin START] Reloading Section: "start-reload/FluidComparatorRegistryImpl/"
[04:44:55] [main/TRACE] [REI] [REIPlugin START] Reloading Section: "start-reload/FluidComparatorRegistryImpl/" done in 170.2 μs
[04:44:55] [main/TRACE] [REI] [REIPlugin START] Reloading Section: "start-reload/DisplaySerializerRegistryImpl/"
[04:44:55] [main/TRACE] [REI] [REIPlugin START] Reloading Section: "start-reload/DisplaySerializerRegistryImpl/" done in 203.8 μs
[04:44:55] [main/TRACE] [REI] [REIPlugin START] Reloading Section: "start-reload/FluidSupportProviderImpl/"
[04:44:55] [main/TRACE] [REI] [REIPlugin START] Reloading Section: "start-reload/FluidSupportProviderImpl/" done in 233.7 μs
[04:44:55] [main/TRACE] [REI] [REIPlugin START] Reloading Section: "start-reload/" done in 4.649 ms
[04:44:55] [main/DEBUG] [REI] ========================================
[04:44:55] [main/DEBUG] [REI] REIPlugin started main-reload for START.
[04:44:55] [main/DEBUG] [REI] ========================================
[04:44:55] [main/TRACE] [REI] [REIPlugin START] Reloading Section: "reloadable-plugin/EntryTypeRegistryImpl/"
[04:44:55] [main/TRACE] [REI] [REIPlugin START] Reloading Section: "reloadable-plugin/EntryTypeRegistryImpl/DefaultPluginImpl of DefaultPluginImpl [roughlyenoughitems]/"
[04:44:55] [main/TRACE] [REI] [REIPlugin START] Reloading Section: "reloadable-plugin/EntryTypeRegistryImpl/DefaultPluginImpl of DefaultPluginImpl [roughlyenoughitems]/" done in 585.8 μs
[04:44:55] [main/TRACE] [REI] [REIPlugin START] Reloading Section: "reloadable-plugin/EntryTypeRegistryImpl/DefaultRuntimePlugin of DefaultRuntimePlugin [roughlyenoughitems]/"
[04:44:55] [main/TRACE] [REI] [REIPlugin START] Reloading Section: "reloadable-plugin/EntryTypeRegistryImpl/DefaultRuntimePlugin of DefaultRuntimePlugin [roughlyenoughitems]/" done in 14.20 ms
[04:44:55] [main/TRACE] [REI] [REIPlugin START] Reloading Section: "reloadable-plugin/EntryTypeRegistryImpl/ReiCompat of ReiCompat [travelersbackpack]/"
[04:44:55] [main/TRACE] [REI] [REIPlugin START] Reloading Section: "reloadable-plugin/EntryTypeRegistryImpl/ReiCompat of ReiCompat [travelersbackpack]/" done in 280.7 μs
[04:44:55] [main/TRACE] [REI] [REIPlugin START] Reloading Section: "reloadable-plugin/EntryTypeRegistryImpl/" done in 18.41 ms
[04:44:55] [main/TRACE] [REI] [REIPlugin START] Reloading Section: "reloadable-plugin/EntrySettingsAdapterRegistryImpl/"
[04:44:55] [main/TRACE] [REI] [REIPlugin START] Reloading Section: "reloadable-plugin/EntrySettingsAdapterRegistryImpl/DefaultPluginImpl of DefaultPluginImpl [roughlyenoughitems]/"
[04:44:55] [main/TRACE] [REI] [REIPlugin START] Reloading Section: "reloadable-plugin/EntrySettingsAdapterRegistryImpl/DefaultPluginImpl of DefaultPluginImpl [roughlyenoughitems]/" done in 179.9 μs
[04:44:55] [main/TRACE] [REI] [REIPlugin START] Reloading Section: "reloadable-plugin/EntrySettingsAdapterRegistryImpl/DefaultRuntimePlugin of DefaultRuntimePlugin [roughlyenoughitems]/"
[04:44:55] [main/TRACE] [REI] [REIPlugin START] Reloading Section: "reloadable-plugin/EntrySettingsAdapterRegistryImpl/DefaultRuntimePlugin of DefaultRuntimePlugin [roughlyenoughitems]/" done in 173.1 μs
[04:44:55] [main/TRACE] [REI] [REIPlugin START] Reloading Section: "reloadable-plugin/EntrySettingsAdapterRegistryImpl/ReiCompat of ReiCompat [travelersbackpack]/"
[04:44:55] [main/TRACE] [REI] [REIPlugin START] Reloading Section: "reloadable-plugin/EntrySettingsAdapterRegistryImpl/ReiCompat of ReiCompat [travelersbackpack]/" done in 204.3 μs
[04:44:55] [main/TRACE] [REI] [REIPlugin START] Reloading Section: "reloadable-plugin/EntrySettingsAdapterRegistryImpl/" done in 1.840 ms
[04:44:55] [main/TRACE] [REI] [REIPlugin START] Reloading Section: "reloadable-plugin/RecipeManagerContextImpl/"
[04:44:55] [main/TRACE] [REI] [REIPlugin START] Reloading Section: "reloadable-plugin/RecipeManagerContextImpl/DefaultPluginImpl of DefaultPluginImpl [roughlyenoughitems]/"
[04:44:55] [main/TRACE] [REI] [REIPlugin START] Reloading Section: "reloadable-plugin/RecipeManagerContextImpl/DefaultPluginImpl of DefaultPluginImpl [roughlyenoughitems]/" done in 169.6 μs
[04:44:55] [main/TRACE] [REI] [REIPlugin START] Reloading Section: "reloadable-plugin/RecipeManagerContextImpl/DefaultRuntimePlugin of DefaultRuntimePlugin [roughlyenoughitems]/"
[04:44:55] [main/TRACE] [REI] [REIPlugin START] Reloading Section: "reloadable-plugin/RecipeManagerContextImpl/DefaultRuntimePlugin of DefaultRuntimePlugin [roughlyenoughitems]/" done in 176.5 μs
[04:44:55] [main/TRACE] [REI] [REIPlugin START] Reloading Section: "reloadable-plugin/RecipeManagerContextImpl/ReiCompat of ReiCompat [travelersbackpack]/"
[04:44:55] [main/TRACE] [REI] [REIPlugin START] Reloading Section: "reloadable-plugin/RecipeManagerContextImpl/ReiCompat of ReiCompat [travelersbackpack]/" done in 178.1 μs
[04:44:55] [main/TRACE] [REI] [REIPlugin START] Reloading Section: "reloadable-plugin/RecipeManagerContextImpl/" done in 1.630 ms
[04:44:55] [main/TRACE] [REI] [REIPlugin START] Reloading Section: "reloadable-plugin/ItemComparatorRegistryImpl/"
[04:44:55] [main/TRACE] [REI] [REIPlugin START] Reloading Section: "reloadable-plugin/ItemComparatorRegistryImpl/DefaultPluginImpl of DefaultPluginImpl [roughlyenoughitems]/"
[04:44:55] [main/TRACE] [REI] [REIPlugin START] Reloading Section: "reloadable-plugin/ItemComparatorRegistryImpl/DefaultPluginImpl of DefaultPluginImpl [roughlyenoughitems]/" done in 1.932 ms
[04:44:55] [main/TRACE] [REI] [REIPlugin START] Reloading Section: "reloadable-plugin/ItemComparatorRegistryImpl/DefaultRuntimePlugin of DefaultRuntimePlugin [roughlyenoughitems]/"
[04:44:55] [main/TRACE] [REI] [REIPlugin START] Reloading Section: "reloadable-plugin/ItemComparatorRegistryImpl/DefaultRuntimePlugin of DefaultRuntimePlugin [roughlyenoughitems]/" done in 198.0 μs
[04:44:55] [main/TRACE] [REI] [REIPlugin START] Reloading Section: "reloadable-plugin/ItemComparatorRegistryImpl/ReiCompat of ReiCompat [travelersbackpack]/"
[04:44:55] [main/TRACE] [REI] [REIPlugin START] Reloading Section: "reloadable-plugin/ItemComparatorRegistryImpl/ReiCompat of ReiCompat [travelersbackpack]/" done in 241.2 μs
[04:44:55] [main/TRACE] [REI] [REIPlugin START] Reloading Section: "reloadable-plugin/ItemComparatorRegistryImpl/" done in 3.587 ms
[04:44:55] [main/TRACE] [REI] [REIPlugin START] Reloading Section: "reloadable-plugin/FluidComparatorRegistryImpl/"
[04:44:55] [main/TRACE] [REI] [REIPlugin START] Reloading Section: "reloadable-plugin/FluidComparatorRegistryImpl/DefaultPluginImpl of DefaultPluginImpl [roughlyenoughitems]/"
[04:44:55] [main/TRACE] [REI] [REIPlugin START] Reloading Section: "reloadable-plugin/FluidComparatorRegistryImpl/DefaultPluginImpl of DefaultPluginImpl [roughlyenoughitems]/" done in 184.4 μs
[04:44:55] [main/TRACE] [REI] [REIPlugin START] Reloading Section: "reloadable-plugin/FluidComparatorRegistryImpl/DefaultRuntimePlugin of DefaultRuntimePlugin [roughlyenoughitems]/"
[04:44:55] [main/TRACE] [REI] [REIPlugin START] Reloading Section: "reloadable-plugin/FluidComparatorRegistryImpl/DefaultRuntimePlugin of DefaultRuntimePlugin [roughlyenoughitems]/" done in 176.7 μs
[04:44:55] [main/TRACE] [REI] [REIPlugin START] Reloading Section: "reloadable-plugin/FluidComparatorRegistryImpl/ReiCompat of ReiCompat [travelersbackpack]/"
[04:44:55] [main/TRACE] [REI] [REIPlugin START] Reloading Section: "reloadable-plugin/FluidComparatorRegistryImpl/ReiCompat of ReiCompat [travelersbackpack]/" done in 181.2 μs
[04:44:55] [main/TRACE] [REI] [REIPlugin START] Reloading Section: "reloadable-plugin/FluidComparatorRegistryImpl/" done in 2.401 ms
[04:44:55] [main/TRACE] [REI] [REIPlugin START] Reloading Section: "reloadable-plugin/DisplaySerializerRegistryImpl/"
[04:44:55] [main/TRACE] [REI] [REIPlugin START] Reloading Section: "reloadable-plugin/DisplaySerializerRegistryImpl/DefaultPluginImpl of DefaultPluginImpl [roughlyenoughitems]/"
[04:44:55] [main/TRACE] [REI] [REIPlugin START] Reloading Section: "reloadable-plugin/DisplaySerializerRegistryImpl/DefaultPluginImpl of DefaultPluginImpl [roughlyenoughitems]/" done in 187.1 μs
[04:44:55] [main/TRACE] [REI] [REIPlugin START] Reloading Section: "reloadable-plugin/DisplaySerializerRegistryImpl/DefaultRuntimePlugin of DefaultRuntimePlugin [roughlyenoughitems]/"
[04:44:55] [main/TRACE] [REI] [REIPlugin START] Reloading Section: "reloadable-plugin/DisplaySerializerRegistryImpl/DefaultRuntimePlugin of DefaultRuntimePlugin [roughlyenoughitems]/" done in 192.9 μs
[04:44:55] [main/TRACE] [REI] [REIPlugin START] Reloading Section: "reloadable-plugin/DisplaySerializerRegistryImpl/ReiCompat of ReiCompat [travelersbackpack]/"
[04:44:55] [main/TRACE] [REI] [REIPlugin START] Reloading Section: "reloadable-plugin/DisplaySerializerRegistryImpl/ReiCompat of ReiCompat [travelersbackpack]/" done in 178.3 μs
[04:44:55] [main/TRACE] [REI] [REIPlugin START] Reloading Section: "reloadable-plugin/DisplaySerializerRegistryImpl/" done in 1.660 ms
[04:44:55] [main/TRACE] [REI] [REIPlugin START] Reloading Section: "reloadable-plugin/FluidSupportProviderImpl/"
[04:44:55] [main/TRACE] [REI] [REIPlugin START] Reloading Section: "reloadable-plugin/FluidSupportProviderImpl/DefaultPluginImpl of DefaultPluginImpl [roughlyenoughitems]/"
[04:44:55] [main/TRACE] [REI] [REIPlugin START] Reloading Section: "reloadable-plugin/FluidSupportProviderImpl/DefaultPluginImpl of DefaultPluginImpl [roughlyenoughitems]/" done in 1.541 ms
[04:44:55] [main/TRACE] [REI] [REIPlugin START] Reloading Section: "reloadable-plugin/FluidSupportProviderImpl/DefaultRuntimePlugin of DefaultRuntimePlugin [roughlyenoughitems]/"
[04:44:55] [main/TRACE] [REI] [REIPlugin START] Reloading Section: "reloadable-plugin/FluidSupportProviderImpl/DefaultRuntimePlugin of DefaultRuntimePlugin [roughlyenoughitems]/" done in 186.4 μs
[04:44:55] [main/TRACE] [REI] [REIPlugin START] Reloading Section: "reloadable-plugin/FluidSupportProviderImpl/ReiCompat of ReiCompat [travelersbackpack]/"
[04:44:55] [main/TRACE] [REI] [REIPlugin START] Reloading Section: "reloadable-plugin/FluidSupportProviderImpl/ReiCompat of ReiCompat [travelersbackpack]/" done in 179.4 μs
[04:44:55] [main/TRACE] [REI] [REIPlugin START] Reloading Section: "reloadable-plugin/FluidSupportProviderImpl/" done in 2.997 ms
[04:44:55] [main/DEBUG] [REI] ========================================
[04:44:55] [main/DEBUG] [REI] REIPlugin ending main-reload for START.
[04:44:55] [main/DEBUG] [REI] ========================================
[04:44:55] [main/TRACE] [REI] [REIPlugin START] Reloading Section: "end-reload/"
[04:44:55] [main/TRACE] [REI] [REIPlugin START] Reloading Section: "end-reload/EntryTypeRegistryImpl/"
[04:44:55] [main/TRACE] [REI] [REIPlugin START] Reloading Section: "end-reload/EntryTypeRegistryImpl/" done in 182.6 μs
[04:44:55] [main/TRACE] [REI] [REIPlugin START] Reloading Section: "end-reload/EntrySettingsAdapterRegistryImpl/"
[04:44:55] [main/TRACE] [REI] [REIPlugin START] Reloading Section: "end-reload/EntrySettingsAdapterRegistryImpl/" done in 169.3 μs
[04:44:55] [main/TRACE] [REI] [REIPlugin START] Reloading Section: "end-reload/RecipeManagerContextImpl/"
[04:44:55] [main/TRACE] [REI] [REIPlugin START] Reloading Section: "end-reload/RecipeManagerContextImpl/" done in 205.1 μs
[04:44:55] [main/TRACE] [REI] [REIPlugin START] Reloading Section: "end-reload/ItemComparatorRegistryImpl/"
[04:44:55] [main/TRACE] [REI] [REIPlugin START] Reloading Section: "end-reload/ItemComparatorRegistryImpl/" done in 164.5 μs
[04:44:55] [main/TRACE] [REI] [REIPlugin START] Reloading Section: "end-reload/FluidComparatorRegistryImpl/"
[04:44:55] [main/TRACE] [REI] [REIPlugin START] Reloading Section: "end-reload/FluidComparatorRegistryImpl/" done in 217.2 μs
[04:44:55] [main/TRACE] [REI] [REIPlugin START] Reloading Section: "end-reload/DisplaySerializerRegistryImpl/"
[04:44:55] [main/TRACE] [REI] [REIPlugin START] Reloading Section: "end-reload/DisplaySerializerRegistryImpl/" done in 212.7 μs
[04:44:55] [main/TRACE] [REI] [REIPlugin START] Reloading Section: "end-reload/FluidSupportProviderImpl/"
[04:44:55] [main/TRACE] [REI] [REIPlugin START] Reloading Section: "end-reload/FluidSupportProviderImpl/" done in 218.5 μs
[04:44:55] [main/TRACE] [REI] [REIPlugin START] Reloading Section: "end-reload/" done in 4.725 ms
[04:44:55] [main/DEBUG] [REI] ========================================
[04:44:55] [main/DEBUG] [REI] REIPlugin ended main-reload for START in 55.25 ms.
[04:44:55] [main/DEBUG] [REI] ========================================
[04:44:55] [main/INFO] [REI] ****************************************
[04:44:55] [main/INFO] [REI] REIServerPlugin starting main-reload for START.
[04:44:55] [main/DEBUG] [REI] Reloadables (2):
[04:44:55] [main/DEBUG] [REI]  - MenuInfoRegistryImpl
[04:44:55] [main/DEBUG] [REI]  - SlotAccessorRegistryImpl
[04:44:55] [main/INFO] [REI] Plugins (3):
[04:44:55] [main/INFO] [REI]  - (-100.00) DefaultPluginImpl of DefaultPluginImpl [roughlyenoughitems]
[04:44:55] [main/INFO] [REI]  - (0.00) ReiCompat of ReiCompat [travelersbackpack]
[04:44:55] [main/INFO] [REI]  - (0.00) DefaultRuntimePlugin of DefaultRuntimePlugin [roughlyenoughitems]
[04:44:55] [main/INFO] [REI] ****************************************
[04:44:55] [main/TRACE] [REI] [REIServerPlugin START] Reloading Section: "start-reload/"
[04:44:55] [main/TRACE] [REI] [REIServerPlugin START] Reloading Section: "start-reload/MenuInfoRegistryImpl/"
[04:44:55] [main/TRACE] [REI] [REIServerPlugin START] Reloading Section: "start-reload/MenuInfoRegistryImpl/" done in 183.6 μs
[04:44:55] [main/TRACE] [REI] [REIServerPlugin START] Reloading Section: "start-reload/SlotAccessorRegistryImpl/"
[04:44:55] [main/TRACE] [REI] [REIServerPlugin START] Reloading Section: "start-reload/SlotAccessorRegistryImpl/" done in 172.7 μs
[04:44:55] [main/TRACE] [REI] [REIServerPlugin START] Reloading Section: "start-reload/" done in 1.858 ms
[04:44:55] [main/DEBUG] [REI] ========================================
[04:44:55] [main/DEBUG] [REI] REIServerPlugin started main-reload for START.
[04:44:55] [main/DEBUG] [REI] ========================================
[04:44:55] [main/TRACE] [REI] [REIServerPlugin START] Reloading Section: "reloadable-plugin/MenuInfoRegistryImpl/"
[04:44:55] [main/TRACE] [REI] [REIServerPlugin START] Reloading Section: "reloadable-plugin/MenuInfoRegistryImpl/DefaultPluginImpl of DefaultPluginImpl [roughlyenoughitems]/"
[04:44:55] [main/TRACE] [REI] [REIServerPlugin START] Reloading Section: "reloadable-plugin/MenuInfoRegistryImpl/DefaultPluginImpl of DefaultPluginImpl [roughlyenoughitems]/" done in 219.7 μs
[04:44:55] [main/TRACE] [REI] [REIServerPlugin START] Reloading Section: "reloadable-plugin/MenuInfoRegistryImpl/ReiCompat of ReiCompat [travelersbackpack]/"
[04:44:55] [main/TRACE] [REI] [REIServerPlugin START] Reloading Section: "reloadable-plugin/MenuInfoRegistryImpl/ReiCompat of ReiCompat [travelersbackpack]/" done in 175.9 μs
[04:44:55] [main/TRACE] [REI] [REIServerPlugin START] Reloading Section: "reloadable-plugin/MenuInfoRegistryImpl/DefaultRuntimePlugin of DefaultRuntimePlugin [roughlyenoughitems]/"
[04:44:55] [main/TRACE] [REI] [REIServerPlugin START] Reloading Section: "reloadable-plugin/MenuInfoRegistryImpl/DefaultRuntimePlugin of DefaultRuntimePlugin [roughlyenoughitems]/" done in 175.1 μs
[04:44:55] [main/TRACE] [REI] [REIServerPlugin START] Reloading Section: "reloadable-plugin/MenuInfoRegistryImpl/" done in 2.136 ms
[04:44:55] [main/TRACE] [REI] [REIServerPlugin START] Reloading Section: "reloadable-plugin/SlotAccessorRegistryImpl/"
[04:44:55] [main/TRACE] [REI] [REIServerPlugin START] Reloading Section: "reloadable-plugin/SlotAccessorRegistryImpl/DefaultPluginImpl of DefaultPluginImpl [roughlyenoughitems]/"
[04:44:55] [main/TRACE] [REI] [REIServerPlugin START] Reloading Section: "reloadable-plugin/SlotAccessorRegistryImpl/DefaultPluginImpl of DefaultPluginImpl [roughlyenoughitems]/" done in 181.5 μs
[04:44:55] [main/TRACE] [REI] [REIServerPlugin START] Reloading Section: "reloadable-plugin/SlotAccessorRegistryImpl/ReiCompat of ReiCompat [travelersbackpack]/"
[04:44:55] [main/TRACE] [REI] [REIServerPlugin START] Reloading Section: "reloadable-plugin/SlotAccessorRegistryImpl/ReiCompat of ReiCompat [travelersbackpack]/" done in 176.8 μs
[04:44:55] [main/TRACE] [REI] [REIServerPlugin START] Reloading Section: "reloadable-plugin/SlotAccessorRegistryImpl/DefaultRuntimePlugin of DefaultRuntimePlugin [roughlyenoughitems]/"
[04:44:55] [main/TRACE] [REI] [REIServerPlugin START] Reloading Section: "reloadable-plugin/SlotAccessorRegistryImpl/DefaultRuntimePlugin of DefaultRuntimePlugin [roughlyenoughitems]/" done in 405.0 μs
[04:44:55] [main/TRACE] [REI] [REIServerPlugin START] Reloading Section: "reloadable-plugin/SlotAccessorRegistryImpl/" done in 2.930 ms
[04:44:55] [main/DEBUG] [REI] ========================================
[04:44:55] [main/DEBUG] [REI] REIServerPlugin ending main-reload for START.
[04:44:55] [main/DEBUG] [REI] ========================================
[04:44:55] [main/TRACE] [REI] [REIServerPlugin START] Reloading Section: "end-reload/"
[04:44:55] [main/TRACE] [REI] [REIServerPlugin START] Reloading Section: "end-reload/MenuInfoRegistryImpl/"
[04:44:55] [main/TRACE] [REI] [REIServerPlugin START] Reloading Section: "end-reload/MenuInfoRegistryImpl/" done in 210.9 μs
[04:44:55] [main/TRACE] [REI] [REIServerPlugin START] Reloading Section: "end-reload/SlotAccessorRegistryImpl/"
[04:44:55] [main/TRACE] [REI] [REIServerPlugin START] Reloading Section: "end-reload/SlotAccessorRegistryImpl/" done in 527.1 μs
[04:44:55] [main/TRACE] [REI] [REIServerPlugin START] Reloading Section: "end-reload/" done in 2.076 ms
[04:44:55] [main/DEBUG] [REI] ========================================
[04:44:55] [main/DEBUG] [REI] REIServerPlugin ended main-reload for START in 29.60 ms.
[04:44:55] [main/DEBUG] [REI] ========================================
[04:44:55] [main/DEBUG] [REI] ========================================
[04:44:55] [main/DEBUG] [REI] REIPlugin starting post-reload for START.
[04:44:55] [main/DEBUG] [REI] Reloadables (7):
[04:44:55] [main/DEBUG] [REI]  - EntryTypeRegistryImpl
[04:44:55] [main/DEBUG] [REI]  - EntrySettingsAdapterRegistryImpl
[04:44:55] [main/DEBUG] [REI]  - RecipeManagerContextImpl
[04:44:55] [main/DEBUG] [REI]  - ItemComparatorRegistryImpl
[04:44:55] [main/DEBUG] [REI]  - FluidComparatorRegistryImpl
[04:44:55] [main/DEBUG] [REI]  - DisplaySerializerRegistryImpl
[04:44:55] [main/DEBUG] [REI]  - FluidSupportProviderImpl
[04:44:55] [main/DEBUG] [REI] Plugins (3):
[04:44:55] [main/DEBUG] [REI]  - (-100.00) DefaultPluginImpl of DefaultPluginImpl [roughlyenoughitems]
[04:44:55] [main/DEBUG] [REI]  - (0.00) DefaultRuntimePlugin of DefaultRuntimePlugin [roughlyenoughitems]
[04:44:55] [main/DEBUG] [REI]  - (0.00) ReiCompat of ReiCompat [travelersbackpack]
[04:44:55] [main/DEBUG] [REI] ========================================
[04:44:55] [main/TRACE] [REI] [REIPlugin START] Reloading Section: "post-register/"
[04:44:55] [main/TRACE] [REI] [REIPlugin START] Reloading Section: "post-register/DefaultPluginImpl of DefaultPluginImpl [roughlyenoughitems]/"
[04:44:55] [main/TRACE] [REI] [REIPlugin START] Reloading Section: "post-register/DefaultPluginImpl of DefaultPluginImpl [roughlyenoughitems]/" done in 448.3 μs
[04:44:55] [main/TRACE] [REI] [REIPlugin START] Reloading Section: "post-register/DefaultRuntimePlugin of DefaultRuntimePlugin [roughlyenoughitems]/"
[04:44:55] [main/TRACE] [REI] [REIPlugin START] Reloading Section: "post-register/DefaultRuntimePlugin of DefaultRuntimePlugin [roughlyenoughitems]/" done in 156.8 μs
[04:44:55] [main/TRACE] [REI] [REIPlugin START] Reloading Section: "post-register/ReiCompat of ReiCompat [travelersbackpack]/"
[04:44:55] [main/TRACE] [REI] [REIPlugin START] Reloading Section: "post-register/ReiCompat of ReiCompat [travelersbackpack]/" done in 169.1 μs
[04:44:55] [main/TRACE] [REI] [REIPlugin START] Reloading Section: "post-register/" done in 2.157 ms
[04:44:55] [main/TRACE] [REI] [REIPlugin START] Reloading Section: "post-stage/"
[04:44:55] [main/TRACE] [REI] [REIPlugin START] Reloading Section: "post-stage/EntryTypeRegistryImpl/"
[04:44:55] [main/TRACE] [REI] [REIPlugin START] Reloading Section: "post-stage/EntryTypeRegistryImpl/" done in 583.2 μs
[04:44:55] [main/TRACE] [REI] [REIPlugin START] Reloading Section: "post-stage/EntrySettingsAdapterRegistryImpl/"
[04:44:55] [main/TRACE] [REI] [REIPlugin START] Reloading Section: "post-stage/EntrySettingsAdapterRegistryImpl/" done in 206.2 μs
[04:44:55] [main/TRACE] [REI] [REIPlugin START] Reloading Section: "post-stage/RecipeManagerContextImpl/"
[04:44:55] [main/TRACE] [REI] [REIPlugin START] Reloading Section: "post-stage/RecipeManagerContextImpl/" done in 177.6 μs
[04:44:55] [main/TRACE] [REI] [REIPlugin START] Reloading Section: "post-stage/ItemComparatorRegistryImpl/"
[04:44:55] [main/TRACE] [REI] [REIPlugin START] Reloading Section: "post-stage/ItemComparatorRegistryImpl/" done in 162.5 μs
[04:44:55] [main/TRACE] [REI] [REIPlugin START] Reloading Section: "post-stage/FluidComparatorRegistryImpl/"
[04:44:55] [main/TRACE] [REI] [REIPlugin START] Reloading Section: "post-stage/FluidComparatorRegistryImpl/" done in 175.3 μs
[04:44:55] [main/TRACE] [REI] [REIPlugin START] Reloading Section: "post-stage/DisplaySerializerRegistryImpl/"
[04:44:55] [main/TRACE] [REI] [REIPlugin START] Reloading Section: "post-stage/DisplaySerializerRegistryImpl/" done in 180.5 μs
[04:44:55] [main/TRACE] [REI] [REIPlugin START] Reloading Section: "post-stage/FluidSupportProviderImpl/"
[04:44:55] [main/TRACE] [REI] [REIPlugin START] Reloading Section: "post-stage/FluidSupportProviderImpl/" done in 172.0 μs
[04:44:55] [main/TRACE] [REI] [REIPlugin START] Reloading Section: "post-stage/" done in 4.746 ms
[04:44:55] [main/DEBUG] [REI] ========================================
[04:44:55] [main/INFO] [REI] REIPlugin finished post-reload for START in 7.382 ms, totaling 85.46 ms.
[04:44:55] [main/DEBUG] [REI] ========================================
[04:44:55] [main/DEBUG] [REI] ========================================
[04:44:55] [main/DEBUG] [REI] REIServerPlugin starting post-reload for START.
[04:44:55] [main/DEBUG] [REI] Reloadables (2):
[04:44:55] [main/DEBUG] [REI]  - MenuInfoRegistryImpl
[04:44:55] [main/DEBUG] [REI]  - SlotAccessorRegistryImpl
[04:44:55] [main/DEBUG] [REI] Plugins (3):
[04:44:55] [main/DEBUG] [REI]  - (-100.00) DefaultPluginImpl of DefaultPluginImpl [roughlyenoughitems]
[04:44:55] [main/DEBUG] [REI]  - (0.00) ReiCompat of ReiCompat [travelersbackpack]
[04:44:55] [main/DEBUG] [REI]  - (0.00) DefaultRuntimePlugin of DefaultRuntimePlugin [roughlyenoughitems]
[04:44:55] [main/DEBUG] [REI] ========================================
[04:44:55] [main/TRACE] [REI] [REIServerPlugin START] Reloading Section: "post-register/"
[04:44:55] [main/TRACE] [REI] [REIServerPlugin START] Reloading Section: "post-register/DefaultPluginImpl of DefaultPluginImpl [roughlyenoughitems]/"
[04:44:55] [main/TRACE] [REI] [REIServerPlugin START] Reloading Section: "post-register/DefaultPluginImpl of DefaultPluginImpl [roughlyenoughitems]/" done in 137.7 μs
[04:44:55] [main/TRACE] [REI] [REIServerPlugin START] Reloading Section: "post-register/ReiCompat of ReiCompat [travelersbackpack]/"
[04:44:55] [main/TRACE] [REI] [REIServerPlugin START] Reloading Section: "post-register/ReiCompat of ReiCompat [travelersbackpack]/" done in 172.8 μs
[04:44:55] [main/TRACE] [REI] [REIServerPlugin START] Reloading Section: "post-register/DefaultRuntimePlugin of DefaultRuntimePlugin [roughlyenoughitems]/"
[04:44:55] [main/TRACE] [REI] [REIServerPlugin START] Reloading Section: "post-register/DefaultRuntimePlugin of DefaultRuntimePlugin [roughlyenoughitems]/" done in 130.0 μs
[04:44:55] [main/TRACE] [REI] [REIServerPlugin START] Reloading Section: "post-register/" done in 1.843 ms
[04:44:55] [main/TRACE] [REI] [REIServerPlugin START] Reloading Section: "post-stage/"
[04:44:55] [main/TRACE] [REI] [REIServerPlugin START] Reloading Section: "post-stage/MenuInfoRegistryImpl/"
[04:44:55] [main/TRACE] [REI] [REIServerPlugin START] Reloading Section: "post-stage/MenuInfoRegistryImpl/" done in 164.1 μs
[04:44:55] [main/TRACE] [REI] [REIServerPlugin START] Reloading Section: "post-stage/SlotAccessorRegistryImpl/"
[04:44:55] [main/TRACE] [REI] [REIServerPlugin START] Reloading Section: "post-stage/SlotAccessorRegistryImpl/" done in 139.3 μs
[04:44:55] [main/TRACE] [REI] [REIServerPlugin START] Reloading Section: "post-stage/" done in 866.4 μs
[04:44:55] [main/DEBUG] [REI] ========================================
[04:44:55] [main/INFO] [REI] REIServerPlugin finished post-reload for START in 3.745 ms, totaling 38.30 ms.
[04:44:55] [main/DEBUG] [REI] ========================================
[04:44:55] [main/DEBUG] [REI] ========================================
[04:44:55] [main/DEBUG] [REI] REIPlugin starting pre-reload for END.
[04:44:55] [main/DEBUG] [REI] Reloadables (7):
[04:44:55] [main/DEBUG] [REI]  - EntryTypeRegistryImpl
[04:44:55] [main/DEBUG] [REI]  - EntrySettingsAdapterRegistryImpl
[04:44:55] [main/DEBUG] [REI]  - RecipeManagerContextImpl
[04:44:55] [main/DEBUG] [REI]  - ItemComparatorRegistryImpl
[04:44:55] [main/DEBUG] [REI]  - FluidComparatorRegistryImpl
[04:44:55] [main/DEBUG] [REI]  - DisplaySerializerRegistryImpl
[04:44:55] [main/DEBUG] [REI]  - FluidSupportProviderImpl
[04:44:55] [main/DEBUG] [REI] Plugins (3):
[04:44:55] [main/DEBUG] [REI]  - (-100.00) DefaultPluginImpl of DefaultPluginImpl [roughlyenoughitems]
[04:44:55] [main/DEBUG] [REI]  - (0.00) DefaultRuntimePlugin of DefaultRuntimePlugin [roughlyenoughitems]
[04:44:55] [main/DEBUG] [REI]  - (0.00) ReiCompat of ReiCompat [travelersbackpack]
[04:44:55] [main/DEBUG] [REI] ========================================
[04:44:55] [main/TRACE] [REI] [REIPlugin END] Reloading Section: "pre-register/"
[04:44:55] [main/TRACE] [REI] [REIPlugin END] Reloading Section: "pre-register/DefaultPluginImpl of DefaultPluginImpl [roughlyenoughitems]/"
[04:44:55] [main/TRACE] [REI] [REIPlugin END] Reloading Section: "pre-register/DefaultPluginImpl of DefaultPluginImpl [roughlyenoughitems]/" done in 168.3 μs
[04:44:55] [main/TRACE] [REI] [REIPlugin END] Reloading Section: "pre-register/DefaultRuntimePlugin of DefaultRuntimePlugin [roughlyenoughitems]/"
[04:44:55] [main/TRACE] [REI] [REIPlugin END] Reloading Section: "pre-register/DefaultRuntimePlugin of DefaultRuntimePlugin [roughlyenoughitems]/" done in 195.5 μs
[04:44:55] [main/TRACE] [REI] [REIPlugin END] Reloading Section: "pre-register/ReiCompat of ReiCompat [travelersbackpack]/"
[04:44:55] [main/TRACE] [REI] [REIPlugin END] Reloading Section: "pre-register/ReiCompat of ReiCompat [travelersbackpack]/" done in 163.2 μs
[04:44:55] [main/TRACE] [REI] [REIPlugin END] Reloading Section: "pre-register/" done in 3.203 ms
[04:44:55] [main/TRACE] [REI] [REIPlugin END] Reloading Section: "pre-stage/"
[04:44:55] [main/TRACE] [REI] [REIPlugin END] Reloading Section: "pre-stage/EntryTypeRegistryImpl/"
[04:44:55] [main/TRACE] [REI] [REIPlugin END] Reloading Section: "pre-stage/EntryTypeRegistryImpl/" done in 163.0 μs
[04:44:55] [main/TRACE] [REI] [REIPlugin END] Reloading Section: "pre-stage/EntrySettingsAdapterRegistryImpl/"
[04:44:55] [main/TRACE] [REI] [REIPlugin END] Reloading Section: "pre-stage/EntrySettingsAdapterRegistryImpl/" done in 150.4 μs
[04:44:55] [main/TRACE] [REI] [REIPlugin END] Reloading Section: "pre-stage/RecipeManagerContextImpl/"
[04:44:55] [main/TRACE] [REI] [REIPlugin END] Reloading Section: "pre-stage/RecipeManagerContextImpl/" done in 147.0 μs
[04:44:55] [main/TRACE] [REI] [REIPlugin END] Reloading Section: "pre-stage/ItemComparatorRegistryImpl/"
[04:44:55] [main/TRACE] [REI] [REIPlugin END] Reloading Section: "pre-stage/ItemComparatorRegistryImpl/" done in 148.1 μs
[04:44:55] [main/TRACE] [REI] [REIPlugin END] Reloading Section: "pre-stage/FluidComparatorRegistryImpl/"
[04:44:55] [main/TRACE] [REI] [REIPlugin END] Reloading Section: "pre-stage/FluidComparatorRegistryImpl/" done in 147.2 μs
[04:44:55] [main/TRACE] [REI] [REIPlugin END] Reloading Section: "pre-stage/DisplaySerializerRegistryImpl/"
[04:44:55] [main/TRACE] [REI] [REIPlugin END] Reloading Section: "pre-stage/DisplaySerializerRegistryImpl/" done in 145.6 μs
[04:44:55] [main/TRACE] [REI] [REIPlugin END] Reloading Section: "pre-stage/FluidSupportProviderImpl/"
[04:44:55] [main/TRACE] [REI] [REIPlugin END] Reloading Section: "pre-stage/FluidSupportProviderImpl/" done in 150.7 μs
[04:44:55] [main/TRACE] [REI] [REIPlugin END] Reloading Section: "pre-stage/" done in 2.959 ms
[04:44:55] [main/DEBUG] [REI] ========================================
[04:44:55] [main/DEBUG] [REI] REIPlugin finished pre-reload for END in 6.629 ms.
[04:44:55] [main/DEBUG] [REI] ========================================
[04:44:55] [main/DEBUG] [REI] ========================================
[04:44:55] [main/DEBUG] [REI] REIServerPlugin starting pre-reload for END.
[04:44:55] [main/DEBUG] [REI] Reloadables (2):
[04:44:55] [main/DEBUG] [REI]  - MenuInfoRegistryImpl
[04:44:55] [main/DEBUG] [REI]  - SlotAccessorRegistryImpl
[04:44:55] [main/DEBUG] [REI] Plugins (3):
[04:44:55] [main/DEBUG] [REI]  - (-100.00) DefaultPluginImpl of DefaultPluginImpl [roughlyenoughitems]
[04:44:55] [main/DEBUG] [REI]  - (0.00) ReiCompat of ReiCompat [travelersbackpack]
[04:44:55] [main/DEBUG] [REI]  - (0.00) DefaultRuntimePlugin of DefaultRuntimePlugin [roughlyenoughitems]
[04:44:55] [main/DEBUG] [REI] ========================================
[04:44:55] [main/TRACE] [REI] [REIServerPlugin END] Reloading Section: "pre-register/"
[04:44:55] [main/TRACE] [REI] [REIServerPlugin END] Reloading Section: "pre-register/DefaultPluginImpl of DefaultPluginImpl [roughlyenoughitems]/"
[04:44:55] [main/TRACE] [REI] [REIServerPlugin END] Reloading Section: "pre-register/DefaultPluginImpl of DefaultPluginImpl [roughlyenoughitems]/" done in 135.2 μs
[04:44:55] [main/TRACE] [REI] [REIServerPlugin END] Reloading Section: "pre-register/ReiCompat of ReiCompat [travelersbackpack]/"
[04:44:55] [main/TRACE] [REI] [REIServerPlugin END] Reloading Section: "pre-register/ReiCompat of ReiCompat [travelersbackpack]/" done in 122.5 μs
[04:44:55] [main/TRACE] [REI] [REIServerPlugin END] Reloading Section: "pre-register/DefaultRuntimePlugin of DefaultRuntimePlugin [roughlyenoughitems]/"
[04:44:55] [main/TRACE] [REI] [REIServerPlugin END] Reloading Section: "pre-register/DefaultRuntimePlugin of DefaultRuntimePlugin [roughlyenoughitems]/" done in 122.3 μs
[04:44:55] [main/TRACE] [REI] [REIServerPlugin END] Reloading Section: "pre-register/" done in 1.045 ms
[04:44:55] [main/TRACE] [REI] [REIServerPlugin END] Reloading Section: "pre-stage/"
[04:44:55] [main/TRACE] [REI] [REIServerPlugin END] Reloading Section: "pre-stage/MenuInfoRegistryImpl/"
[04:44:55] [main/TRACE] [REI] [REIServerPlugin END] Reloading Section: "pre-stage/MenuInfoRegistryImpl/" done in 119.2 μs
[04:44:55] [main/TRACE] [REI] [REIServerPlugin END] Reloading Section: "pre-stage/SlotAccessorRegistryImpl/"
[04:44:55] [main/TRACE] [REI] [REIServerPlugin END] Reloading Section: "pre-stage/SlotAccessorRegistryImpl/" done in 119.2 μs
[04:44:55] [main/TRACE] [REI] [REIServerPlugin END] Reloading Section: "pre-stage/" done in 979.8 μs
[04:44:55] [main/DEBUG] [REI] ========================================
[04:44:55] [main/DEBUG] [REI] REIServerPlugin finished pre-reload for END in 2.377 ms.
[04:44:55] [main/DEBUG] [REI] ========================================
[04:44:55] [main/INFO] [REI] OOOOOOOOOOOOOOOOOOOOOOOOOOOOOOOOOOOOOOOO
[04:44:55] [main/INFO] [REI] REIPlugin starting main-reload for END.
[04:44:55] [main/DEBUG] [REI] Reloadables (7):
[04:44:55] [main/DEBUG] [REI]  - EntryTypeRegistryImpl
[04:44:55] [main/DEBUG] [REI]  - EntrySettingsAdapterRegistryImpl
[04:44:55] [main/DEBUG] [REI]  - RecipeManagerContextImpl
[04:44:55] [main/DEBUG] [REI]  - ItemComparatorRegistryImpl
[04:44:55] [main/DEBUG] [REI]  - FluidComparatorRegistryImpl
[04:44:55] [main/DEBUG] [REI]  - DisplaySerializerRegistryImpl
[04:44:55] [main/DEBUG] [REI]  - FluidSupportProviderImpl
[04:44:55] [main/INFO] [REI] Plugins (3):
[04:44:55] [main/INFO] [REI]  - (-100.00) DefaultPluginImpl of DefaultPluginImpl [roughlyenoughitems]
[04:44:55] [main/INFO] [REI]  - (0.00) DefaultRuntimePlugin of DefaultRuntimePlugin [roughlyenoughitems]
[04:44:55] [main/INFO] [REI]  - (0.00) ReiCompat of ReiCompat [travelersbackpack]
[04:44:55] [main/INFO] [REI] OOOOOOOOOOOOOOOOOOOOOOOOOOOOOOOOOOOOOOOO
[04:44:55] [main/TRACE] [REI] [REIPlugin END] Reloading Section: "start-reload/"
[04:44:55] [main/TRACE] [REI] [REIPlugin END] Reloading Section: "start-reload/EntryTypeRegistryImpl/"
[04:44:55] [main/TRACE] [REI] [REIPlugin END] Reloading Section: "start-reload/EntryTypeRegistryImpl/" done in 129.6 μs
[04:44:55] [main/TRACE] [REI] [REIPlugin END] Reloading Section: "start-reload/EntrySettingsAdapterRegistryImpl/"
[04:44:55] [main/TRACE] [REI] [REIPlugin END] Reloading Section: "start-reload/EntrySettingsAdapterRegistryImpl/" done in 144.9 μs
[04:44:55] [main/TRACE] [REI] [REIPlugin END] Reloading Section: "start-reload/RecipeManagerContextImpl/"
[04:44:55] [main/TRACE] [REI] [REIPlugin END] Reloading Section: "start-reload/RecipeManagerContextImpl/" done in 127.3 μs
[04:44:55] [main/TRACE] [REI] [REIPlugin END] Reloading Section: "start-reload/ItemComparatorRegistryImpl/"
[04:44:55] [main/TRACE] [REI] [REIPlugin END] Reloading Section: "start-reload/ItemComparatorRegistryImpl/" done in 791.6 μs
[04:44:55] [main/TRACE] [REI] [REIPlugin END] Reloading Section: "start-reload/FluidComparatorRegistryImpl/"
[04:44:55] [main/TRACE] [REI] [REIPlugin END] Reloading Section: "start-reload/FluidComparatorRegistryImpl/" done in 132.6 μs
[04:44:55] [main/TRACE] [REI] [REIPlugin END] Reloading Section: "start-reload/DisplaySerializerRegistryImpl/"
[04:44:55] [main/TRACE] [REI] [REIPlugin END] Reloading Section: "start-reload/DisplaySerializerRegistryImpl/" done in 130.0 μs
[04:44:55] [main/TRACE] [REI] [REIPlugin END] Reloading Section: "start-reload/FluidSupportProviderImpl/"
[04:44:55] [main/TRACE] [REI] [REIPlugin END] Reloading Section: "start-reload/FluidSupportProviderImpl/" done in 118.1 μs
[04:44:55] [main/TRACE] [REI] [REIPlugin END] Reloading Section: "start-reload/" done in 4.232 ms
[04:44:55] [main/DEBUG] [REI] ========================================
[04:44:55] [main/DEBUG] [REI] REIPlugin started main-reload for END.
[04:44:55] [main/DEBUG] [REI] ========================================
[04:44:55] [main/TRACE] [REI] [REIPlugin END] Reloading Section: "reloadable-plugin/EntryTypeRegistryImpl/"
[04:44:55] [main/TRACE] [REI] [REIPlugin END] Reloading Section: "reloadable-plugin/EntryTypeRegistryImpl/DefaultPluginImpl of DefaultPluginImpl [roughlyenoughitems]/"
[04:44:55] [main/TRACE] [REI] [REIPlugin END] Reloading Section: "reloadable-plugin/EntryTypeRegistryImpl/DefaultPluginImpl of DefaultPluginImpl [roughlyenoughitems]/" done in 134.0 μs
[04:44:55] [main/TRACE] [REI] [REIPlugin END] Reloading Section: "reloadable-plugin/EntryTypeRegistryImpl/DefaultRuntimePlugin of DefaultRuntimePlugin [roughlyenoughitems]/"
[04:44:55] [main/TRACE] [REI] [REIPlugin END] Reloading Section: "reloadable-plugin/EntryTypeRegistryImpl/DefaultRuntimePlugin of DefaultRuntimePlugin [roughlyenoughitems]/" done in 123.5 μs
[04:44:55] [main/TRACE] [REI] [REIPlugin END] Reloading Section: "reloadable-plugin/EntryTypeRegistryImpl/ReiCompat of ReiCompat [travelersbackpack]/"
[04:44:55] [main/TRACE] [REI] [REIPlugin END] Reloading Section: "reloadable-plugin/EntryTypeRegistryImpl/ReiCompat of ReiCompat [travelersbackpack]/" done in 121.5 μs
[04:44:55] [main/TRACE] [REI] [REIPlugin END] Reloading Section: "reloadable-plugin/EntryTypeRegistryImpl/" done in 1.050 ms
[04:44:55] [main/TRACE] [REI] [REIPlugin END] Reloading Section: "reloadable-plugin/EntrySettingsAdapterRegistryImpl/"
[04:44:55] [main/TRACE] [REI] [REIPlugin END] Reloading Section: "reloadable-plugin/EntrySettingsAdapterRegistryImpl/DefaultPluginImpl of DefaultPluginImpl [roughlyenoughitems]/"
[04:44:55] [main/TRACE] [REI] [REIPlugin END] Reloading Section: "reloadable-plugin/EntrySettingsAdapterRegistryImpl/DefaultPluginImpl of DefaultPluginImpl [roughlyenoughitems]/" done in 694.5 μs
[04:44:55] [main/TRACE] [REI] [REIPlugin END] Reloading Section: "reloadable-plugin/EntrySettingsAdapterRegistryImpl/DefaultRuntimePlugin of DefaultRuntimePlugin [roughlyenoughitems]/"
[04:44:55] [main/TRACE] [REI] [REIPlugin END] Reloading Section: "reloadable-plugin/EntrySettingsAdapterRegistryImpl/DefaultRuntimePlugin of DefaultRuntimePlugin [roughlyenoughitems]/" done in 136.1 μs
[04:44:55] [main/TRACE] [REI] [REIPlugin END] Reloading Section: "reloadable-plugin/EntrySettingsAdapterRegistryImpl/ReiCompat of ReiCompat [travelersbackpack]/"
[04:44:55] [main/TRACE] [REI] [REIPlugin END] Reloading Section: "reloadable-plugin/EntrySettingsAdapterRegistryImpl/ReiCompat of ReiCompat [travelersbackpack]/" done in 564.2 μs
[04:44:55] [main/TRACE] [REI] [REIPlugin END] Reloading Section: "reloadable-plugin/EntrySettingsAdapterRegistryImpl/" done in 4.141 ms
[04:44:55] [main/TRACE] [REI] [REIPlugin END] Reloading Section: "reloadable-plugin/RecipeManagerContextImpl/"
[04:44:55] [main/TRACE] [REI] [REIPlugin END] Reloading Section: "reloadable-plugin/RecipeManagerContextImpl/DefaultPluginImpl of DefaultPluginImpl [roughlyenoughitems]/"
[04:44:55] [main/TRACE] [REI] [REIPlugin END] Reloading Section: "reloadable-plugin/RecipeManagerContextImpl/DefaultPluginImpl of DefaultPluginImpl [roughlyenoughitems]/" done in 122.9 μs
[04:44:55] [main/TRACE] [REI] [REIPlugin END] Reloading Section: "reloadable-plugin/RecipeManagerContextImpl/DefaultRuntimePlugin of DefaultRuntimePlugin [roughlyenoughitems]/"
[04:44:55] [main/TRACE] [REI] [REIPlugin END] Reloading Section: "reloadable-plugin/RecipeManagerContextImpl/DefaultRuntimePlugin of DefaultRuntimePlugin [roughlyenoughitems]/" done in 127.4 μs
[04:44:55] [main/TRACE] [REI] [REIPlugin END] Reloading Section: "reloadable-plugin/RecipeManagerContextImpl/ReiCompat of ReiCompat [travelersbackpack]/"
[04:44:55] [main/TRACE] [REI] [REIPlugin END] Reloading Section: "reloadable-plugin/RecipeManagerContextImpl/ReiCompat of ReiCompat [travelersbackpack]/" done in 124.8 μs
[04:44:55] [main/TRACE] [REI] [REIPlugin END] Reloading Section: "reloadable-plugin/RecipeManagerContextImpl/" done in 1.036 ms
[04:44:55] [main/TRACE] [REI] [REIPlugin END] Reloading Section: "reloadable-plugin/ItemComparatorRegistryImpl/"
[04:44:55] [main/TRACE] [REI] [REIPlugin END] Reloading Section: "reloadable-plugin/ItemComparatorRegistryImpl/DefaultPluginImpl of DefaultPluginImpl [roughlyenoughitems]/"
[04:44:55] [main/TRACE] [REI] [REIPlugin END] Reloading Section: "reloadable-plugin/ItemComparatorRegistryImpl/DefaultPluginImpl of DefaultPluginImpl [roughlyenoughitems]/" done in 118.5 μs
[04:44:55] [main/TRACE] [REI] [REIPlugin END] Reloading Section: "reloadable-plugin/ItemComparatorRegistryImpl/DefaultRuntimePlugin of DefaultRuntimePlugin [roughlyenoughitems]/"
[04:44:55] [main/TRACE] [REI] [REIPlugin END] Reloading Section: "reloadable-plugin/ItemComparatorRegistryImpl/DefaultRuntimePlugin of DefaultRuntimePlugin [roughlyenoughitems]/" done in 125.1 μs
[04:44:55] [main/TRACE] [REI] [REIPlugin END] Reloading Section: "reloadable-plugin/ItemComparatorRegistryImpl/ReiCompat of ReiCompat [travelersbackpack]/"
[04:44:55] [main/TRACE] [REI] [REIPlugin END] Reloading Section: "reloadable-plugin/ItemComparatorRegistryImpl/ReiCompat of ReiCompat [travelersbackpack]/" done in 120.9 μs
[04:44:55] [main/TRACE] [REI] [REIPlugin END] Reloading Section: "reloadable-plugin/ItemComparatorRegistryImpl/" done in 1.009 ms
[04:44:55] [main/TRACE] [REI] [REIPlugin END] Reloading Section: "reloadable-plugin/FluidComparatorRegistryImpl/"
[04:44:55] [main/TRACE] [REI] [REIPlugin END] Reloading Section: "reloadable-plugin/FluidComparatorRegistryImpl/DefaultPluginImpl of DefaultPluginImpl [roughlyenoughitems]/"
[04:44:55] [main/TRACE] [REI] [REIPlugin END] Reloading Section: "reloadable-plugin/FluidComparatorRegistryImpl/DefaultPluginImpl of DefaultPluginImpl [roughlyenoughitems]/" done in 127.7 μs
[04:44:55] [main/TRACE] [REI] [REIPlugin END] Reloading Section: "reloadable-plugin/FluidComparatorRegistryImpl/DefaultRuntimePlugin of DefaultRuntimePlugin [roughlyenoughitems]/"
[04:44:55] [main/TRACE] [REI] [REIPlugin END] Reloading Section: "reloadable-plugin/FluidComparatorRegistryImpl/DefaultRuntimePlugin of DefaultRuntimePlugin [roughlyenoughitems]/" done in 414.0 μs
[04:44:55] [main/TRACE] [REI] [REIPlugin END] Reloading Section: "reloadable-plugin/FluidComparatorRegistryImpl/ReiCompat of ReiCompat [travelersbackpack]/"
[04:44:55] [main/TRACE] [REI] [REIPlugin END] Reloading Section: "reloadable-plugin/FluidComparatorRegistryImpl/ReiCompat of ReiCompat [travelersbackpack]/" done in 122.5 μs
[04:44:55] [main/TRACE] [REI] [REIPlugin END] Reloading Section: "reloadable-plugin/FluidComparatorRegistryImpl/" done in 1.328 ms
[04:44:55] [main/TRACE] [REI] [REIPlugin END] Reloading Section: "reloadable-plugin/DisplaySerializerRegistryImpl/"
[04:44:55] [main/TRACE] [REI] [REIPlugin END] Reloading Section: "reloadable-plugin/DisplaySerializerRegistryImpl/DefaultPluginImpl of DefaultPluginImpl [roughlyenoughitems]/"
[04:44:55] [main/TRACE] [REI] [REIPlugin END] Reloading Section: "reloadable-plugin/DisplaySerializerRegistryImpl/DefaultPluginImpl of DefaultPluginImpl [roughlyenoughitems]/" done in 23.56 ms
[04:44:55] [main/TRACE] [REI] [REIPlugin END] Reloading Section: "reloadable-plugin/DisplaySerializerRegistryImpl/DefaultRuntimePlugin of DefaultRuntimePlugin [roughlyenoughitems]/"
[04:44:55] [main/TRACE] [REI] [REIPlugin END] Reloading Section: "reloadable-plugin/DisplaySerializerRegistryImpl/DefaultRuntimePlugin of DefaultRuntimePlugin [roughlyenoughitems]/" done in 144.5 μs
[04:44:55] [main/TRACE] [REI] [REIPlugin END] Reloading Section: "reloadable-plugin/DisplaySerializerRegistryImpl/ReiCompat of ReiCompat [travelersbackpack]/"
[04:44:55] [main/TRACE] [REI] [REIPlugin END] Reloading Section: "reloadable-plugin/DisplaySerializerRegistryImpl/ReiCompat of ReiCompat [travelersbackpack]/" done in 127.5 μs
[04:44:55] [main/TRACE] [REI] [REIPlugin END] Reloading Section: "reloadable-plugin/DisplaySerializerRegistryImpl/" done in 28.14 ms
[04:44:55] [main/TRACE] [REI] [REIPlugin END] Reloading Section: "reloadable-plugin/FluidSupportProviderImpl/"
[04:44:55] [main/TRACE] [REI] [REIPlugin END] Reloading Section: "reloadable-plugin/FluidSupportProviderImpl/DefaultPluginImpl of DefaultPluginImpl [roughlyenoughitems]/"
[04:44:55] [main/TRACE] [REI] [REIPlugin END] Reloading Section: "reloadable-plugin/FluidSupportProviderImpl/DefaultPluginImpl of DefaultPluginImpl [roughlyenoughitems]/" done in 125.1 μs
[04:44:55] [main/TRACE] [REI] [REIPlugin END] Reloading Section: "reloadable-plugin/FluidSupportProviderImpl/DefaultRuntimePlugin of DefaultRuntimePlugin [roughlyenoughitems]/"
[04:44:55] [main/TRACE] [REI] [REIPlugin END] Reloading Section: "reloadable-plugin/FluidSupportProviderImpl/DefaultRuntimePlugin of DefaultRuntimePlugin [roughlyenoughitems]/" done in 125.1 μs
[04:44:55] [main/TRACE] [REI] [REIPlugin END] Reloading Section: "reloadable-plugin/FluidSupportProviderImpl/ReiCompat of ReiCompat [travelersbackpack]/"
[04:44:55] [main/TRACE] [REI] [REIPlugin END] Reloading Section: "reloadable-plugin/FluidSupportProviderImpl/ReiCompat of ReiCompat [travelersbackpack]/" done in 123.2 μs
[04:44:55] [main/TRACE] [REI] [REIPlugin END] Reloading Section: "reloadable-plugin/FluidSupportProviderImpl/" done in 1.060 ms
[04:44:55] [main/DEBUG] [REI] ========================================
[04:44:55] [main/DEBUG] [REI] REIPlugin ending main-reload for END.
[04:44:55] [main/DEBUG] [REI] ========================================
[04:44:55] [main/TRACE] [REI] [REIPlugin END] Reloading Section: "end-reload/"
[04:44:55] [main/TRACE] [REI] [REIPlugin END] Reloading Section: "end-reload/EntryTypeRegistryImpl/"
[04:44:55] [main/TRACE] [REI] [REIPlugin END] Reloading Section: "end-reload/EntryTypeRegistryImpl/" done in 130.0 μs
[04:44:55] [main/TRACE] [REI] [REIPlugin END] Reloading Section: "end-reload/EntrySettingsAdapterRegistryImpl/"
[04:44:55] [main/TRACE] [REI] [REIPlugin END] Reloading Section: "end-reload/EntrySettingsAdapterRegistryImpl/" done in 113.5 μs
[04:44:55] [main/TRACE] [REI] [REIPlugin END] Reloading Section: "end-reload/RecipeManagerContextImpl/"
[04:44:55] [main/TRACE] [REI] [REIPlugin END] Reloading Section: "end-reload/RecipeManagerContextImpl/" done in 110.8 μs
[04:44:55] [main/TRACE] [REI] [REIPlugin END] Reloading Section: "end-reload/ItemComparatorRegistryImpl/"
[04:44:55] [main/TRACE] [REI] [REIPlugin END] Reloading Section: "end-reload/ItemComparatorRegistryImpl/" done in 113.9 μs
[04:44:55] [main/TRACE] [REI] [REIPlugin END] Reloading Section: "end-reload/FluidComparatorRegistryImpl/"
[04:44:55] [main/TRACE] [REI] [REIPlugin END] Reloading Section: "end-reload/FluidComparatorRegistryImpl/" done in 115.8 μs
[04:44:55] [main/TRACE] [REI] [REIPlugin END] Reloading Section: "end-reload/DisplaySerializerRegistryImpl/"
[04:44:55] [main/TRACE] [REI] [REIPlugin END] Reloading Section: "end-reload/DisplaySerializerRegistryImpl/" done in 112.4 μs
[04:44:55] [main/TRACE] [REI] [REIPlugin END] Reloading Section: "end-reload/FluidSupportProviderImpl/"
[04:44:55] [main/TRACE] [REI] [REIPlugin END] Reloading Section: "end-reload/FluidSupportProviderImpl/" done in 113.7 μs
[04:44:55] [main/TRACE] [REI] [REIPlugin END] Reloading Section: "end-reload/" done in 2.071 ms
[04:44:55] [main/DEBUG] [REI] ========================================
[04:44:55] [main/DEBUG] [REI] REIPlugin ended main-reload for END in 55.76 ms.
[04:44:55] [main/DEBUG] [REI] ========================================
[04:44:55] [main/INFO] [REI] OOOOOOOOOOOOOOOOOOOOOOOOOOOOOOOOOOOOOOOO
[04:44:55] [main/INFO] [REI] REIServerPlugin starting main-reload for END.
[04:44:55] [main/DEBUG] [REI] Reloadables (2):
[04:44:55] [main/DEBUG] [REI]  - MenuInfoRegistryImpl
[04:44:55] [main/DEBUG] [REI]  - SlotAccessorRegistryImpl
[04:44:55] [main/INFO] [REI] Plugins (3):
[04:44:55] [main/INFO] [REI]  - (-100.00) DefaultPluginImpl of DefaultPluginImpl [roughlyenoughitems]
[04:44:55] [main/INFO] [REI]  - (0.00) ReiCompat of ReiCompat [travelersbackpack]
[04:44:55] [main/INFO] [REI]  - (0.00) DefaultRuntimePlugin of DefaultRuntimePlugin [roughlyenoughitems]
[04:44:55] [main/INFO] [REI] OOOOOOOOOOOOOOOOOOOOOOOOOOOOOOOOOOOOOOOO
[04:44:55] [main/TRACE] [REI] [REIServerPlugin END] Reloading Section: "start-reload/"
[04:44:55] [main/TRACE] [REI] [REIServerPlugin END] Reloading Section: "start-reload/MenuInfoRegistryImpl/"
[04:44:55] [main/TRACE] [REI] [REIServerPlugin END] Reloading Section: "start-reload/MenuInfoRegistryImpl/" done in 138.8 μs
[04:44:55] [main/TRACE] [REI] [REIServerPlugin END] Reloading Section: "start-reload/SlotAccessorRegistryImpl/"
[04:44:55] [main/TRACE] [REI] [REIServerPlugin END] Reloading Section: "start-reload/SlotAccessorRegistryImpl/" done in 125.2 μs
[04:44:55] [main/TRACE] [REI] [REIServerPlugin END] Reloading Section: "start-reload/" done in 737.8 μs
[04:44:55] [main/DEBUG] [REI] ========================================
[04:44:55] [main/DEBUG] [REI] REIServerPlugin started main-reload for END.
[04:44:55] [main/DEBUG] [REI] ========================================
[04:44:55] [main/TRACE] [REI] [REIServerPlugin END] Reloading Section: "reloadable-plugin/MenuInfoRegistryImpl/"
[04:44:55] [main/TRACE] [REI] [REIServerPlugin END] Reloading Section: "reloadable-plugin/MenuInfoRegistryImpl/DefaultPluginImpl of DefaultPluginImpl [roughlyenoughitems]/"
[04:44:55] [main/TRACE] [REI] [REIServerPlugin END] Reloading Section: "reloadable-plugin/MenuInfoRegistryImpl/DefaultPluginImpl of DefaultPluginImpl [roughlyenoughitems]/" done in 135.3 μs
[04:44:55] [main/TRACE] [REI] [REIServerPlugin END] Reloading Section: "reloadable-plugin/MenuInfoRegistryImpl/ReiCompat of ReiCompat [travelersbackpack]/"
[04:44:55] [main/DEBUG] [REI] Added menu info for class com.tiviacz.travelersbackpack.inventory.menu.TravelersBackpackBaseMenu [minecraft:plugins/crafting]: me.shedaniel.rei.api.common.transfer.info.simple.SimpleMenuInfoProvider$$Lambda$9635/0x00007265d11917e0@2805d4bf
[04:44:55] [main/TRACE] [REI] [REIServerPlugin END] Reloading Section: "reloadable-plugin/MenuInfoRegistryImpl/ReiCompat of ReiCompat [travelersbackpack]/" done in 7.723 ms
[04:44:55] [main/TRACE] [REI] [REIServerPlugin END] Reloading Section: "reloadable-plugin/MenuInfoRegistryImpl/DefaultRuntimePlugin of DefaultRuntimePlugin [roughlyenoughitems]/"
[04:44:55] [main/TRACE] [REI] [REIServerPlugin END] Reloading Section: "reloadable-plugin/MenuInfoRegistryImpl/DefaultRuntimePlugin of DefaultRuntimePlugin [roughlyenoughitems]/" done in 133.2 μs
[04:44:55] [main/TRACE] [REI] [REIServerPlugin END] Reloading Section: "reloadable-plugin/MenuInfoRegistryImpl/" done in 8.758 ms
[04:44:55] [main/TRACE] [REI] [REIServerPlugin END] Reloading Section: "reloadable-plugin/SlotAccessorRegistryImpl/"
[04:44:55] [main/TRACE] [REI] [REIServerPlugin END] Reloading Section: "reloadable-plugin/SlotAccessorRegistryImpl/DefaultPluginImpl of DefaultPluginImpl [roughlyenoughitems]/"
[04:44:55] [main/TRACE] [REI] [REIServerPlugin END] Reloading Section: "reloadable-plugin/SlotAccessorRegistryImpl/DefaultPluginImpl of DefaultPluginImpl [roughlyenoughitems]/" done in 151.7 μs
[04:44:55] [main/TRACE] [REI] [REIServerPlugin END] Reloading Section: "reloadable-plugin/SlotAccessorRegistryImpl/ReiCompat of ReiCompat [travelersbackpack]/"
[04:44:55] [main/TRACE] [REI] [REIServerPlugin END] Reloading Section: "reloadable-plugin/SlotAccessorRegistryImpl/ReiCompat of ReiCompat [travelersbackpack]/" done in 149.2 μs
[04:44:55] [main/TRACE] [REI] [REIServerPlugin END] Reloading Section: "reloadable-plugin/SlotAccessorRegistryImpl/DefaultRuntimePlugin of DefaultRuntimePlugin [roughlyenoughitems]/"
[04:44:55] [main/DEBUG] [REI] Added slot accessor serializer: me.shedaniel.rei.plugin.common.runtime.DefaultRuntimePlugin$1@41a8a8ee [roughlyenoughitems:vanilla]
[04:44:55] [main/DEBUG] [REI] Added slot accessor serializer: me.shedaniel.rei.plugin.common.runtime.DefaultRuntimePlugin$2@3b11524f [roughlyenoughitems:player]
[04:44:55] [main/TRACE] [REI] [REIServerPlugin END] Reloading Section: "reloadable-plugin/SlotAccessorRegistryImpl/DefaultRuntimePlugin of DefaultRuntimePlugin [roughlyenoughitems]/" done in 3.419 ms
[04:44:55] [main/TRACE] [REI] [REIServerPlugin END] Reloading Section: "reloadable-plugin/SlotAccessorRegistryImpl/" done in 5.297 ms
[04:44:55] [main/DEBUG] [REI] ========================================
[04:44:55] [main/DEBUG] [REI] REIServerPlugin ending main-reload for END.
[04:44:55] [main/DEBUG] [REI] ========================================
[04:44:55] [main/TRACE] [REI] [REIServerPlugin END] Reloading Section: "end-reload/"
[04:44:55] [main/TRACE] [REI] [REIServerPlugin END] Reloading Section: "end-reload/MenuInfoRegistryImpl/"
[04:44:55] [main/DEBUG] [REI] Registered 1 menu infos
[04:44:55] [main/TRACE] [REI] [REIServerPlugin END] Reloading Section: "end-reload/MenuInfoRegistryImpl/" done in 376.9 μs
[04:44:55] [main/TRACE] [REI] [REIServerPlugin END] Reloading Section: "end-reload/SlotAccessorRegistryImpl/"
[04:44:55] [main/DEBUG] [REI] Registered 2 slot accessor serializers
[04:44:55] [main/TRACE] [REI] [REIServerPlugin END] Reloading Section: "end-reload/SlotAccessorRegistryImpl/" done in 2.487 ms
[04:44:55] [main/TRACE] [REI] [REIServerPlugin END] Reloading Section: "end-reload/" done in 3.337 ms
[04:44:55] [main/DEBUG] [REI] ========================================
[04:44:55] [main/DEBUG] [REI] REIServerPlugin ended main-reload for END in 25.17 ms.
[04:44:55] [main/DEBUG] [REI] ========================================
[04:44:55] [main/DEBUG] [REI] ========================================
[04:44:55] [main/DEBUG] [REI] REIPlugin starting post-reload for END.
[04:44:55] [main/DEBUG] [REI] Reloadables (7):
[04:44:55] [main/DEBUG] [REI]  - EntryTypeRegistryImpl
[04:44:55] [main/DEBUG] [REI]  - EntrySettingsAdapterRegistryImpl
[04:44:55] [main/DEBUG] [REI]  - RecipeManagerContextImpl
[04:44:55] [main/DEBUG] [REI]  - ItemComparatorRegistryImpl
[04:44:55] [main/DEBUG] [REI]  - FluidComparatorRegistryImpl
[04:44:55] [main/DEBUG] [REI]  - DisplaySerializerRegistryImpl
[04:44:55] [main/DEBUG] [REI]  - FluidSupportProviderImpl
[04:44:55] [main/DEBUG] [REI] Plugins (3):
[04:44:55] [main/DEBUG] [REI]  - (-100.00) DefaultPluginImpl of DefaultPluginImpl [roughlyenoughitems]
[04:44:55] [main/DEBUG] [REI]  - (0.00) DefaultRuntimePlugin of DefaultRuntimePlugin [roughlyenoughitems]
[04:44:55] [main/DEBUG] [REI]  - (0.00) ReiCompat of ReiCompat [travelersbackpack]
[04:44:55] [main/DEBUG] [REI] ========================================
[04:44:55] [main/TRACE] [REI] [REIPlugin END] Reloading Section: "post-register/"
[04:44:55] [main/TRACE] [REI] [REIPlugin END] Reloading Section: "post-register/DefaultPluginImpl of DefaultPluginImpl [roughlyenoughitems]/"
[04:44:55] [main/TRACE] [REI] [REIPlugin END] Reloading Section: "post-register/DefaultPluginImpl of DefaultPluginImpl [roughlyenoughitems]/" done in 132.3 μs
[04:44:55] [main/TRACE] [REI] [REIPlugin END] Reloading Section: "post-register/DefaultRuntimePlugin of DefaultRuntimePlugin [roughlyenoughitems]/"
[04:44:55] [main/TRACE] [REI] [REIPlugin END] Reloading Section: "post-register/DefaultRuntimePlugin of DefaultRuntimePlugin [roughlyenoughitems]/" done in 123.9 μs
[04:44:55] [main/TRACE] [REI] [REIPlugin END] Reloading Section: "post-register/ReiCompat of ReiCompat [travelersbackpack]/"
[04:44:55] [main/TRACE] [REI] [REIPlugin END] Reloading Section: "post-register/ReiCompat of ReiCompat [travelersbackpack]/" done in 120.7 μs
[04:44:55] [main/TRACE] [REI] [REIPlugin END] Reloading Section: "post-register/" done in 1.101 ms
[04:44:55] [main/TRACE] [REI] [REIPlugin END] Reloading Section: "post-stage/"
[04:44:55] [main/TRACE] [REI] [REIPlugin END] Reloading Section: "post-stage/EntryTypeRegistryImpl/"
[04:44:55] [main/TRACE] [REI] [REIPlugin END] Reloading Section: "post-stage/EntryTypeRegistryImpl/" done in 116.0 μs
[04:44:55] [main/TRACE] [REI] [REIPlugin END] Reloading Section: "post-stage/EntrySettingsAdapterRegistryImpl/"
[04:44:55] [main/TRACE] [REI] [REIPlugin END] Reloading Section: "post-stage/EntrySettingsAdapterRegistryImpl/" done in 136.7 μs
[04:44:55] [main/TRACE] [REI] [REIPlugin END] Reloading Section: "post-stage/RecipeManagerContextImpl/"
[04:44:55] [main/TRACE] [REI] [REIPlugin END] Reloading Section: "post-stage/RecipeManagerContextImpl/" done in 136.0 μs
[04:44:55] [main/TRACE] [REI] [REIPlugin END] Reloading Section: "post-stage/ItemComparatorRegistryImpl/"
[04:44:55] [main/TRACE] [REI] [REIPlugin END] Reloading Section: "post-stage/ItemComparatorRegistryImpl/" done in 116.6 μs
[04:44:55] [main/TRACE] [REI] [REIPlugin END] Reloading Section: "post-stage/FluidComparatorRegistryImpl/"
[04:44:55] [main/TRACE] [REI] [REIPlugin END] Reloading Section: "post-stage/FluidComparatorRegistryImpl/" done in 116.6 μs
[04:44:55] [main/TRACE] [REI] [REIPlugin END] Reloading Section: "post-stage/DisplaySerializerRegistryImpl/"
[04:44:55] [main/TRACE] [REI] [REIPlugin END] Reloading Section: "post-stage/DisplaySerializerRegistryImpl/" done in 117.9 μs
[04:44:55] [main/TRACE] [REI] [REIPlugin END] Reloading Section: "post-stage/FluidSupportProviderImpl/"
[04:44:55] [main/TRACE] [REI] [REIPlugin END] Reloading Section: "post-stage/FluidSupportProviderImpl/" done in 120.8 μs
[04:44:55] [main/TRACE] [REI] [REIPlugin END] Reloading Section: "post-stage/" done in 2.252 ms
[04:44:55] [main/DEBUG] [REI] ========================================
[04:44:55] [main/INFO] [REI] REIPlugin finished post-reload for END in 3.934 ms, totaling 66.11 ms.
[04:44:55] [main/DEBUG] [REI] ========================================
[04:44:55] [main/DEBUG] [REI] ========================================
[04:44:55] [main/DEBUG] [REI] REIServerPlugin starting post-reload for END.
[04:44:55] [main/DEBUG] [REI] Reloadables (2):
[04:44:55] [main/DEBUG] [REI]  - MenuInfoRegistryImpl
[04:44:55] [main/DEBUG] [REI]  - SlotAccessorRegistryImpl
[04:44:55] [main/DEBUG] [REI] Plugins (3):
[04:44:55] [main/DEBUG] [REI]  - (-100.00) DefaultPluginImpl of DefaultPluginImpl [roughlyenoughitems]
[04:44:55] [main/DEBUG] [REI]  - (0.00) ReiCompat of ReiCompat [travelersbackpack]
[04:44:55] [main/DEBUG] [REI]  - (0.00) DefaultRuntimePlugin of DefaultRuntimePlugin [roughlyenoughitems]
[04:44:55] [main/DEBUG] [REI] ========================================
[04:44:55] [main/TRACE] [REI] [REIServerPlugin END] Reloading Section: "post-register/"
[04:44:55] [main/TRACE] [REI] [REIServerPlugin END] Reloading Section: "post-register/DefaultPluginImpl of DefaultPluginImpl [roughlyenoughitems]/"
[04:44:55] [main/TRACE] [REI] [REIServerPlugin END] Reloading Section: "post-register/DefaultPluginImpl of DefaultPluginImpl [roughlyenoughitems]/" done in 122.7 μs
[04:44:55] [main/TRACE] [REI] [REIServerPlugin END] Reloading Section: "post-register/ReiCompat of ReiCompat [travelersbackpack]/"
[04:44:55] [main/TRACE] [REI] [REIServerPlugin END] Reloading Section: "post-register/ReiCompat of ReiCompat [travelersbackpack]/" done in 107.1 μs
[04:44:55] [main/TRACE] [REI] [REIServerPlugin END] Reloading Section: "post-register/DefaultRuntimePlugin of DefaultRuntimePlugin [roughlyenoughitems]/"
[04:44:55] [main/TRACE] [REI] [REIServerPlugin END] Reloading Section: "post-register/DefaultRuntimePlugin of DefaultRuntimePlugin [roughlyenoughitems]/" done in 120.5 μs
[04:44:55] [main/TRACE] [REI] [REIServerPlugin END] Reloading Section: "post-register/" done in 1.015 ms
[04:44:55] [main/TRACE] [REI] [REIServerPlugin END] Reloading Section: "post-stage/"
[04:44:55] [main/TRACE] [REI] [REIServerPlugin END] Reloading Section: "post-stage/MenuInfoRegistryImpl/"
[04:44:55] [main/TRACE] [REI] [REIServerPlugin END] Reloading Section: "post-stage/MenuInfoRegistryImpl/" done in 133.1 μs
[04:44:55] [main/TRACE] [REI] [REIServerPlugin END] Reloading Section: "post-stage/SlotAccessorRegistryImpl/"
[04:44:55] [main/TRACE] [REI] [REIServerPlugin END] Reloading Section: "post-stage/SlotAccessorRegistryImpl/" done in 123.6 μs
[04:44:55] [main/TRACE] [REI] [REIServerPlugin END] Reloading Section: "post-stage/" done in 764.3 μs
[04:44:55] [main/DEBUG] [REI] ========================================
[04:44:55] [main/INFO] [REI] REIServerPlugin finished post-reload for END in 2.123 ms, totaling 29.46 ms.
[04:44:55] [main/DEBUG] [REI] ========================================
